ISim log file
Running: C:\Users\no-mo\Desktop\COE 203\new\Normal_Parking_counter_isim_beh.exe -intstyle ise -gui -tclbatch isim.cmd -wdb C:/Users/no-mo/Desktop/COE 203/new/Normal_Parking_counter_isim_beh.wdb 
ISim P.20131013 (signature 0x7708f090)
WARNING: A WEBPACK license was found.
WARNING: Please use Xilinx License Configuration Manager to check out a full ISim license.
WARNING: ISim will run in Lite mode. Please refer to the ISim documentation for more information on the differences between the Lite and the Full version.
This is a Lite version of ISim.
Time resolution is 1 ps
# onerror resume
# wave add /
# run 1000 ns
Simulator is doing circuit initialization process.
Finished circuit initialization process.
# isim force add /Normal_Parking_counter/clk 0 -radix bin -value 1 -radix bin -time 1 ns -repeat 2 ns
# isim force add /Normal_Parking_counter/reset 1 -radix bin -cancel 2 ns
# isim force add /Normal_Parking_counter/entry 0 -radix bin -time 2 ns -value 1 -radix bin -time 3 ns -repeat 2 ns -cancel 44 ns
# isim force add /Normal_Parking_counter/exit 0 -radix bin -time 60 ns -value 1 -radix bin -time 61 ns -repeat 2 ns -cancel 100 ns
# restart
# isim force add /Normal_Parking_counter/clk 0 -radix bin -value 1 -radix bin -time 1 ns -repeat 2 ns
# isim force add /Normal_Parking_counter/reset 1 -radix bin -cancel 2 ns
# isim force add /Normal_Parking_counter/entry 0 -radix bin -time 2 ns -value 1 -radix bin -time 3 ns -repeat 2 ns -cancel 44 ns
# isim force add /Normal_Parking_counter/exit 0 -radix bin -time 60 ns -value 1 -radix bin -time 61 ns -repeat 2 ns -cancel 110 ns
# run 1.00us
Simulator is doing circuit initialization process.
Finished circuit initialization process.
